c:\users\victor\desktop\projects\2021\tga\spelprojekt3_git\temp\tga2d\debug\tga2d_debug.pch
c:\users\victor\desktop\projects\2021\tga\spelprojekt3_git\temp\tga2d\debug\tga2d.pdb
c:\users\victor\desktop\projects\2021\tga\spelprojekt3_git\temp\tga2d\debug\tga2d.idb
c:\users\victor\desktop\projects\2021\tga\spelprojekt3_git\temp\tga2d\debug\stdafx.obj
c:\users\victor\desktop\projects\2021\tga\spelprojekt3_git\temp\tga2d\debug\screengrab.obj
c:\users\victor\desktop\projects\2021\tga\spelprojekt3_git\temp\tga2d\debug\line_drawer.obj
c:\users\victor\desktop\projects\2021\tga\spelprojekt3_git\temp\tga2d\debug\error_manager.obj
c:\users\victor\desktop\projects\2021\tga\spelprojekt3_git\temp\tga2d\debug\line_primitive.obj
c:\users\victor\desktop\projects\2021\tga\spelprojekt3_git\temp\tga2d\debug\model_shape.obj
c:\users\victor\desktop\projects\2021\tga\spelprojekt3_git\temp\tga2d\debug\sprite.obj
c:\users\victor\desktop\projects\2021\tga\spelprojekt3_git\temp\tga2d\debug\textured_quad_batch.obj
c:\users\victor\desktop\projects\2021\tga\spelprojekt3_git\temp\tga2d\debug\text.obj
c:\users\victor\desktop\projects\2021\tga\spelprojekt3_git\temp\tga2d\debug\video.obj
c:\users\victor\desktop\projects\2021\tga\spelprojekt3_git\temp\tga2d\debug\direct_3d.obj
c:\users\victor\desktop\projects\2021\tga\spelprojekt3_git\temp\tga2d\debug\file_watcher.obj
c:\users\victor\desktop\projects\2021\tga\spelprojekt3_git\temp\tga2d\debug\audio.obj
c:\users\victor\desktop\projects\2021\tga\spelprojekt3_git\temp\tga2d\debug\custom_shape_drawer.obj
c:\users\victor\desktop\projects\2021\tga\spelprojekt3_git\temp\tga2d\debug\textured_quad_batch_drawer.obj
c:\users\victor\desktop\projects\2021\tga\spelprojekt3_git\temp\tga2d\debug\xinput.obj
c:\users\victor\desktop\projects\2021\tga\spelprojekt3_git\temp\tga2d\debug\tgaloader.obj
c:\users\victor\desktop\projects\2021\tga\spelprojekt3_git\temp\tga2d\debug\perlin_noise.obj
c:\users\victor\desktop\projects\2021\tga\spelprojekt3_git\temp\tga2d\debug\customshader.obj
c:\users\victor\desktop\projects\2021\tga\spelprojekt3_git\temp\tga2d\debug\shader_model.obj
c:\users\victor\desktop\projects\2021\tga\spelprojekt3_git\temp\tga2d\debug\texture.obj
c:\users\victor\desktop\projects\2021\tga\spelprojekt3_git\temp\tga2d\debug\fontfile.obj
c:\users\victor\desktop\projects\2021\tga\spelprojekt3_git\temp\tga2d\debug\videoplayer.obj
c:\users\victor\desktop\projects\2021\tga\spelprojekt3_git\temp\tga2d\debug\audio_out.obj
c:\users\victor\desktop\projects\2021\tga\spelprojekt3_git\temp\tga2d\debug\debug_performancegraph.obj
c:\users\victor\desktop\projects\2021\tga\spelprojekt3_git\temp\tga2d\debug\fbxloader.obj
c:\users\victor\desktop\projects\2021\tga\spelprojekt3_git\temp\tga2d\debug\ddstextureloader.obj
c:\users\victor\desktop\projects\2021\tga\spelprojekt3_git\temp\tga2d\debug\debug_drawer.obj
c:\users\victor\desktop\projects\2021\tga\spelprojekt3_git\temp\tga2d\debug\cimguiinterface.obj
c:\users\victor\desktop\projects\2021\tga\spelprojekt3_git\temp\tga2d\debug\light_manager.obj
c:\users\victor\desktop\projects\2021\tga\spelprojekt3_git\temp\tga2d\debug\fbxmodel.obj
c:\users\victor\desktop\projects\2021\tga\spelprojekt3_git\temp\tga2d\debug\shader_normal_instanced.obj
c:\users\victor\desktop\projects\2021\tga\spelprojekt3_git\temp\tga2d\debug\sprite_batch.obj
c:\users\victor\desktop\projects\2021\tga\spelprojekt3_git\temp\tga2d\debug\parser.obj
c:\users\victor\desktop\projects\2021\tga\spelprojekt3_git\temp\tga2d\debug\token.obj
c:\users\victor\desktop\projects\2021\tga\spelprojekt3_git\temp\tga2d\debug\video_audio.obj
c:\users\victor\desktop\projects\2021\tga\spelprojekt3_git\temp\tga2d\debug\windows_window.obj
c:\users\victor\desktop\projects\2021\tga\spelprojekt3_git\temp\tga2d\debug\canimation.obj
c:\users\victor\desktop\projects\2021\tga\spelprojekt3_git\temp\tga2d\debug\renderer.obj
c:\users\victor\desktop\projects\2021\tga\spelprojekt3_git\temp\tga2d\debug\shader_normal.obj
c:\users\victor\desktop\projects\2021\tga\spelprojekt3_git\temp\tga2d\debug\textured_quad.obj
c:\users\victor\desktop\projects\2021\tga\spelprojekt3_git\temp\tga2d\debug\texture_manager.obj
c:\users\victor\desktop\projects\2021\tga\spelprojekt3_git\temp\tga2d\debug\mathfunc.obj
c:\users\victor\desktop\projects\2021\tga\spelprojekt3_git\temp\tga2d\debug\engine.obj
c:\users\victor\desktop\projects\2021\tga\spelprojekt3_git\temp\tga2d\debug\textfile.obj
c:\users\victor\desktop\projects\2021\tga\spelprojekt3_git\temp\tga2d\debug\text_service.obj
c:\users\victor\desktop\projects\2021\tga\spelprojekt3_git\temp\tga2d\debug\wictextureloader.obj
c:\users\victor\desktop\projects\2021\tga\spelprojekt3_git\temp\tga2d\debug\textured_quad_drawer.obj
c:\users\victor\desktop\projects\2021\tga\spelprojekt3_git\temp\tga2d\debug\light.obj
c:\users\victor\desktop\projects\2021\tga\spelprojekt3_git\temp\tga2d\debug\common_math.obj
c:\users\victor\desktop\projects\2021\tga\spelprojekt3_git\temp\tga2d\debug\custom_shape.obj
c:\users\victor\desktop\projects\2021\tga\spelprojekt3_git\temp\tga2d\debug\render_object.obj
c:\users\victor\desktop\projects\2021\tga\spelprojekt3_git\temp\tga2d\debug\shader.obj
c:\users\victor\desktop\projects\2021\tga\spelprojekt3_git\temp\tga2d\debug\imgui_demo.obj
c:\users\victor\desktop\projects\2021\tga\spelprojekt3_git\temp\tga2d\debug\imgui_impl_dx11.obj
c:\users\victor\desktop\projects\2021\tga\spelprojekt3_git\temp\tga2d\debug\imgui.obj
c:\users\victor\desktop\projects\2021\tga\spelprojekt3_git\temp\tga2d\debug\imgui_widgets.obj
c:\users\victor\desktop\projects\2021\tga\spelprojekt3_git\temp\tga2d\debug\imgui_draw.obj
c:\users\victor\desktop\projects\2021\tga\spelprojekt3_git\temp\tga2d\debug\imgui_impl_win32.obj
c:\users\victor\desktop\projects\2021\tga\spelprojekt3_git\lib\tga2d_debug.lib
c:\users\victor\desktop\projects\2021\tga\spelprojekt3_git\temp\tga2d\debug\tga2dcore.res
c:\users\victor\desktop\projects\2021\tga\spelprojekt3_git\temp\tga2d\debug\tga2d.tlog\cl.command.1.tlog
c:\users\victor\desktop\projects\2021\tga\spelprojekt3_git\temp\tga2d\debug\tga2d.tlog\cl.read.1.tlog
c:\users\victor\desktop\projects\2021\tga\spelprojekt3_git\temp\tga2d\debug\tga2d.tlog\cl.write.1.tlog
c:\users\victor\desktop\projects\2021\tga\spelprojekt3_git\temp\tga2d\debug\tga2d.tlog\lib-link-cvtres.read.1.tlog
c:\users\victor\desktop\projects\2021\tga\spelprojekt3_git\temp\tga2d\debug\tga2d.tlog\lib-link-cvtres.write.1.tlog
c:\users\victor\desktop\projects\2021\tga\spelprojekt3_git\temp\tga2d\debug\tga2d.tlog\lib.command.1.tlog
c:\users\victor\desktop\projects\2021\tga\spelprojekt3_git\temp\tga2d\debug\tga2d.tlog\rc.command.1.tlog
c:\users\victor\desktop\projects\2021\tga\spelprojekt3_git\temp\tga2d\debug\tga2d.tlog\rc.read.1.tlog
c:\users\victor\desktop\projects\2021\tga\spelprojekt3_git\temp\tga2d\debug\tga2d.tlog\rc.write.1.tlog
